
Showing logs for build [32mseldonio-seldon-core-pr-1132-li-bbklw-7[0m stage [32mpython-lint-task[0m and container [32mstep-credential-initializer-zhbfn[0m
{"level":"warn","ts":1574694686.8808327,"logger":"fallback-logger","caller":"logging/config.go:69","msg":"Fetch GitHub commit ID from kodata failed: \"ref: refs/heads/master\" is not a valid GitHub commit ID"}
{"level":"info","ts":1574694686.8814292,"logger":"fallback-logger","caller":"creds-init/main.go:40","msg":"Credentials initialized."}

Showing logs for build [32mseldonio-seldon-core-pr-1132-li-bbklw-7[0m stage [32mpython-lint-task[0m and container [32mstep-working-dir-initializer-r2pb6[0m
{"level":"warn","ts":1574694687.5167053,"logger":"fallback-logger","caller":"logging/config.go:69","msg":"Fetch GitHub commit ID from kodata failed: open /var/run/ko/HEAD: no such file or directory"}
{"level":"info","ts":1574694687.5185473,"logger":"fallback-logger","caller":"bash/main.go:65","msg":"Successfully executed command \"mkdir -p /workspace/source\""}

Showing logs for build [32mseldonio-seldon-core-pr-1132-li-bbklw-7[0m stage [32mpython-lint-task[0m and container [32mstep-place-tools[0m

Showing logs for build [32mseldonio-seldon-core-pr-1132-li-bbklw-7[0m stage [32mpython-lint-task[0m and container [32mstep-git-source-seldonio-seldon-core-pr-1132-li-bm4cj[0m
{"level":"warn","ts":1574694693.673683,"logger":"fallback-logger","caller":"logging/config.go:69","msg":"Fetch GitHub commit ID from kodata failed: \"ref: refs/heads/master\" is not a valid GitHub commit ID"}
{"level":"info","ts":1574694696.9818416,"logger":"fallback-logger","caller":"git/git.go:102","msg":"Successfully cloned https://github.com/SeldonIO/seldon-core.git @ master in path /workspace/source"}

Showing logs for build [32mseldonio-seldon-core-pr-1132-li-bbklw-7[0m stage [32mpython-lint-task[0m and container [32mstep-git-merge[0m
Using SHAs from PULL_REFS=master:77f751a73fdc0a71d1c42cd2eb30a07ab014ca6a,1132:4caf1f62fe1241490ca125c9ecb2b93be552aea1
DEBUG: ran git fetch --unshallow origin 4caf1f62fe1241490ca125c9ecb2b93be552aea1: 77f751a73fdc0a71d1c42cd2eb30a07ab014ca6a: in 
DEBUG: ran git checkout master in 
DEBUG: ran git reset --hard 77f751a73fdc0a71d1c42cd2eb30a07ab014ca6a in 
DEBUG: ran clean --force -d . in 
DEBUG: ran git merge 4caf1f62fe1241490ca125c9ecb2b93be552aea1 in 
Merged SHA 123c708710e0b08141045460aca3c0ffec05ec41 with commit message 'Merge commit '4caf1f62fe1241490ca125c9ecb2b93be552aea1'' into base branch master
Merged SHA 4caf1f62fe1241490ca125c9ecb2b93be552aea1 with commit message 'use different namespace to avoid collision' into base branch master
Merged SHA fa1ad417d57f6654d826d577ae16930be65aa0dd with commit message 'run lint locally' into base branch master
Merged SHA 953d1100f8d2d66de322504c29266820824ebbbb with commit message 'fix test' into base branch master
Merged SHA 6f14afc3302290b7969f35e5c7220e8b51b9d33e with commit message 'add integ test to verify non200 response handling' into base branch master

Showing logs for build [32mseldonio-seldon-core-pr-1132-li-bbklw-7[0m stage [32mpython-lint-task[0m and container [32mstep-python-lint[0m
make: Entering directory '/workspace/source/python'
pip install black==19.3b0
Collecting black==19.3b0
  Downloading https://files.pythonhosted.org/packages/30/62/cf549544a5fe990bbaeca21e9c419501b2de7a701ab0afb377bc81676600/black-19.3b0-py36-none-any.whl (89kB)
Collecting toml>=0.9.4
  Downloading https://files.pythonhosted.org/packages/a2/12/ced7105d2de62fa7c8fb5fce92cc4ce66b57c95fb875e9318dba7f8c5db0/toml-0.10.0-py2.py3-none-any.whl
Collecting appdirs
  Downloading https://files.pythonhosted.org/packages/56/eb/810e700ed1349edde4cbdc1b2a21e28cdf115f9faf263f6bbf8447c1abf3/appdirs-1.4.3-py2.py3-none-any.whl
Collecting attrs>=18.1.0
  Downloading https://files.pythonhosted.org/packages/a2/db/4313ab3be961f7a763066401fb77f7748373b6094076ae2bda2806988af6/attrs-19.3.0-py2.py3-none-any.whl
Collecting click>=6.5
  Downloading https://files.pythonhosted.org/packages/fa/37/45185cb5abbc30d7257104c434fe0b07e5a195a6847506c074527aa599ec/Click-7.0-py2.py3-none-any.whl (81kB)
Installing collected packages: toml, appdirs, attrs, click, black
Successfully installed appdirs-1.4.3 attrs-19.3.0 black-19.3b0 click-7.0 toml-0.10.0
black \
	--check ./ ../testing \
	--exclude "(testing/scripts/proto|seldon_core/proto/|.eggs|.tox)"
All done! ✨ 🍰 ✨
49 files would be left unchanged.
make: Leaving directory '/workspace/source/python'
