
Showing logs for build [32mseldonio-seldon-core-pr-1086-li-cs688-44[0m stage [32mpython-lint-task[0m and container [32mstep-credential-initializer-dg2jx[0m
{"level":"warn","ts":1573500909.4501767,"logger":"fallback-logger","caller":"logging/config.go:69","msg":"Fetch GitHub commit ID from kodata failed: \"ref: refs/heads/master\" is not a valid GitHub commit ID"}
{"level":"info","ts":1573500909.4506114,"logger":"fallback-logger","caller":"creds-init/main.go:40","msg":"Credentials initialized."}

Showing logs for build [32mseldonio-seldon-core-pr-1086-li-cs688-44[0m stage [32mpython-lint-task[0m and container [32mstep-working-dir-initializer-xxw6h[0m
{"level":"warn","ts":1573500910.4501197,"logger":"fallback-logger","caller":"logging/config.go:69","msg":"Fetch GitHub commit ID from kodata failed: open /var/run/ko/HEAD: no such file or directory"}
{"level":"info","ts":1573500910.4527304,"logger":"fallback-logger","caller":"bash/main.go:65","msg":"Successfully executed command \"mkdir -p /workspace/source\""}

Showing logs for build [32mseldonio-seldon-core-pr-1086-li-cs688-44[0m stage [32mpython-lint-task[0m and container [32mstep-place-tools[0m

Showing logs for build [32mseldonio-seldon-core-pr-1086-li-cs688-44[0m stage [32mpython-lint-task[0m and container [32mstep-git-source-seldonio-seldon-core-pr-1086-li-4m98r[0m
{"level":"warn","ts":1573500919.5894911,"logger":"fallback-logger","caller":"logging/config.go:69","msg":"Fetch GitHub commit ID from kodata failed: \"ref: refs/heads/master\" is not a valid GitHub commit ID"}
{"level":"info","ts":1573500922.611234,"logger":"fallback-logger","caller":"git/git.go:102","msg":"Successfully cloned https://github.com/SeldonIO/seldon-core.git @ master in path /workspace/source"}

Showing logs for build [32mseldonio-seldon-core-pr-1086-li-cs688-44[0m stage [32mpython-lint-task[0m and container [32mstep-git-merge[0m
Using SHAs from PULL_REFS=master:32710b10e7e690afac85b795bb1647bfd44f3246,1086:3f56f3bafefefc426f27a3e315224ca6787f7e12
DEBUG: ran git fetch --unshallow origin 3f56f3bafefefc426f27a3e315224ca6787f7e12: 32710b10e7e690afac85b795bb1647bfd44f3246: in 
DEBUG: ran git checkout master in 
DEBUG: ran git reset --hard 32710b10e7e690afac85b795bb1647bfd44f3246 in 
DEBUG: ran clean --force -d . in 
DEBUG: ran git merge 3f56f3bafefefc426f27a3e315224ca6787f7e12 in 
Merged SHA 3f56f3bafefefc426f27a3e315224ca6787f7e12 with commit message 'Added less cores' into base branch master
Merged SHA 366741c2d308db9917e747c9c227962bf20e1182 with commit message 'Added requests' into base branch master
Merged SHA 66763501a16ef20b31f80a53e16b44bb53e07c4c with commit message 'Removed concurrent tests' into base branch master
Merged SHA a68f8b50f54adc66fa463f3b2a754335fafbd7a1 with commit message 'Added parallel execution of python tests' into base branch master
Merged SHA cf65e7e061b4487ac42d0884c5b5be688437e23d with commit message 'Merge remote-tracking branch 'upstream/master' into 1032_improve_speed_e2e_tests' into base branch master
Merged SHA 1344da41d73f4fbb594267a68f58073e3865cde2 with commit message 'Merge remote-tracking branch 'upstream/master' into 1032_improve_speed_e2e_tests' into base branch master
Merged SHA 06fabef79519ace1930f8facd436e2aeb100fc69 with commit message 'Updated script to run when files are modified and show modified files' into base branch master
Merged SHA 8c725514e678e8e947a18d2a99a13ef7f5c2335b with commit message 'Added multithreading by default' into base branch master
Merged SHA df0b07df97b53da5d678dae678b02c9944843b3c with commit message 'Removed commented code' into base branch master
Merged SHA 611c19a230b1ddf6082afb5f7e23b92a0ed79274 with commit message 'Updated for linter' into base branch master
Merged SHA 4d071cc378eda3b9d9bbd83ff573882606b85ce0 with commit message 'Updated kind script to only run builds for images that have been updated' into base branch master
Merged SHA 9d9c93754dfc08ab9806f899e0dcb2f4dd7ed617 with commit message 'Re-added make dependencies' into base branch master
Merged SHA 285e0588f7a1529ca44321228a86a5b308e3ce39 with commit message 'Added wait before initial request' into base branch master
Merged SHA 16a3dd6c4071e06c8d6fb6821f65b0a1c5cb3bfa with commit message 'Fixed helm charts' into base branch master
Merged SHA a0bca4342b82f2f4dbf35d863f78eb96bc995784 with commit message 'Added limits to ensure enough memory for kube system' into base branch master
Merged SHA cf6d0550c3a1dc4943fc1db93c703e14a77811ed with commit message 'Changed make to have optional number of workers' into base branch master
Merged SHA 2680d01877efdb49963ca0f4035841f8cb14f71f with commit message 'Updated to support retries on apply' into base branch master
Merged SHA 3231b979ec764565a6a40725cd936df58ebd8be5 with commit message 'Updated to support retries on apply' into base branch master
Merged SHA e90be22afe26e719df061e96f9886cb66fc58235 with commit message 'Updated conftest typo' into base branch master
Merged SHA b06b9cd5aec3afed32a34d3acf6cfbc9ddbec541 with commit message 'Cleaned and fixed namespaces' into base branch master
Merged SHA 945847d81bf3c8e59f1f170b59b9faca1b490a6d with commit message 'Added unique namespace per test' into base branch master
Merged SHA 6337728287bf24a5a49f085946fb47e264edb14d with commit message 'Testing parallel tests' into base branch master

Showing logs for build [32mseldonio-seldon-core-pr-1086-li-cs688-44[0m stage [32mpython-lint-task[0m and container [32mstep-python-lint[0m
make: Entering directory '/workspace/source/python'
pip install black==19.3b0
Collecting black==19.3b0
  Downloading https://files.pythonhosted.org/packages/30/62/cf549544a5fe990bbaeca21e9c419501b2de7a701ab0afb377bc81676600/black-19.3b0-py36-none-any.whl (89kB)
Collecting toml>=0.9.4
  Downloading https://files.pythonhosted.org/packages/a2/12/ced7105d2de62fa7c8fb5fce92cc4ce66b57c95fb875e9318dba7f8c5db0/toml-0.10.0-py2.py3-none-any.whl
Collecting appdirs
  Downloading https://files.pythonhosted.org/packages/56/eb/810e700ed1349edde4cbdc1b2a21e28cdf115f9faf263f6bbf8447c1abf3/appdirs-1.4.3-py2.py3-none-any.whl
Collecting click>=6.5
  Downloading https://files.pythonhosted.org/packages/fa/37/45185cb5abbc30d7257104c434fe0b07e5a195a6847506c074527aa599ec/Click-7.0-py2.py3-none-any.whl (81kB)
Collecting attrs>=18.1.0
  Downloading https://files.pythonhosted.org/packages/a2/db/4313ab3be961f7a763066401fb77f7748373b6094076ae2bda2806988af6/attrs-19.3.0-py2.py3-none-any.whl
Installing collected packages: toml, appdirs, click, attrs, black
Successfully installed appdirs-1.4.3 attrs-19.3.0 black-19.3b0 click-7.0 toml-0.10.0
black \
	--check ./ ../testing \
	--exclude "(testing/scripts/proto|seldon_core/proto/|.eggs|.tox)"
All done! ✨ 🍰 ✨
48 files would be left unchanged.
make: Leaving directory '/workspace/source/python'
