
Showing logs for build [32mseldonio-seldon-core-pr-1074-li-cwqns-3[0m stage [32mpython-lint-task[0m and container [32mstep-credential-initializer-m9vdw[0m
{"level":"warn","ts":1574433183.2661226,"logger":"fallback-logger","caller":"logging/config.go:69","msg":"Fetch GitHub commit ID from kodata failed: \"ref: refs/heads/master\" is not a valid GitHub commit ID"}
{"level":"info","ts":1574433183.2667136,"logger":"fallback-logger","caller":"creds-init/main.go:40","msg":"Credentials initialized."}

Showing logs for build [32mseldonio-seldon-core-pr-1074-li-cwqns-3[0m stage [32mpython-lint-task[0m and container [32mstep-working-dir-initializer-nfp8s[0m
{"level":"warn","ts":1574433184.64565,"logger":"fallback-logger","caller":"logging/config.go:69","msg":"Fetch GitHub commit ID from kodata failed: open /var/run/ko/HEAD: no such file or directory"}
{"level":"info","ts":1574433184.64693,"logger":"fallback-logger","caller":"bash/main.go:65","msg":"Successfully executed command \"mkdir -p /workspace/source\""}

Showing logs for build [32mseldonio-seldon-core-pr-1074-li-cwqns-3[0m stage [32mpython-lint-task[0m and container [32mstep-place-tools[0m

Showing logs for build [32mseldonio-seldon-core-pr-1074-li-cwqns-3[0m stage [32mpython-lint-task[0m and container [32mstep-git-source-seldonio-seldon-core-pr-1074-li-8685m[0m
{"level":"warn","ts":1574433189.7686768,"logger":"fallback-logger","caller":"logging/config.go:69","msg":"Fetch GitHub commit ID from kodata failed: \"ref: refs/heads/master\" is not a valid GitHub commit ID"}
{"level":"info","ts":1574433192.8939545,"logger":"fallback-logger","caller":"git/git.go:102","msg":"Successfully cloned https://github.com/SeldonIO/seldon-core.git @ master in path /workspace/source"}

Showing logs for build [32mseldonio-seldon-core-pr-1074-li-cwqns-3[0m stage [32mpython-lint-task[0m and container [32mstep-git-merge[0m
Using SHAs from PULL_REFS=master:4afb273f0e55126715ad3f72e08812fc6dc1d562,1074:148e2b805c07f4bbdda559a8f739ca7683c65385
DEBUG: ran git fetch --unshallow origin 148e2b805c07f4bbdda559a8f739ca7683c65385: 4afb273f0e55126715ad3f72e08812fc6dc1d562: in 
DEBUG: ran git checkout master in 
DEBUG: ran git reset --hard 4afb273f0e55126715ad3f72e08812fc6dc1d562 in 
DEBUG: ran clean --force -d . in 
DEBUG: ran git merge 148e2b805c07f4bbdda559a8f739ca7683c65385 in 
Merged SHA 148e2b805c07f4bbdda559a8f739ca7683c65385 with commit message 'Setting TF-GPU to version 1.13.1' into base branch master
Merged SHA 99105456d2e30f32d26e4f8308467fc424098aa8 with commit message 'Merge remote-tracking branch 'upstream/master'' into base branch master
Merged SHA 5d4cbadafe6cfcb890dad023bf4aac0d9dff1b39 with commit message 'Removed old Python-GPU folder' into base branch master
Merged SHA 6c7da2cc85ce43fbfd80605041e985e9dfd062bd with commit message 'Integrated Python GPU wrapper into main Python folder"' into base branch master
Merged SHA 57e105bf80ea4dce8846e8764fbb6dad43e92cad with commit message 'Updated Python-GPU Wrapper' into base branch master
Merged SHA 1de6b1506805adb2e46155112c520264351f6b8d with commit message 'Updated GPU wrapper' into base branch master
Merged SHA f7bc182fefe5a3ede67fd864ff5c87c712a58393 with commit message 'Updated GPU wrapper to uninstall TF without GPU' into base branch master

Showing logs for build [32mseldonio-seldon-core-pr-1074-li-cwqns-3[0m stage [32mpython-lint-task[0m and container [32mstep-python-lint[0m
make: Entering directory '/workspace/source/python'
pip install black==19.3b0
Collecting black==19.3b0
  Downloading https://files.pythonhosted.org/packages/30/62/cf549544a5fe990bbaeca21e9c419501b2de7a701ab0afb377bc81676600/black-19.3b0-py36-none-any.whl (89kB)
Collecting appdirs
  Downloading https://files.pythonhosted.org/packages/56/eb/810e700ed1349edde4cbdc1b2a21e28cdf115f9faf263f6bbf8447c1abf3/appdirs-1.4.3-py2.py3-none-any.whl
Collecting click>=6.5
  Downloading https://files.pythonhosted.org/packages/fa/37/45185cb5abbc30d7257104c434fe0b07e5a195a6847506c074527aa599ec/Click-7.0-py2.py3-none-any.whl (81kB)
Collecting toml>=0.9.4
  Downloading https://files.pythonhosted.org/packages/a2/12/ced7105d2de62fa7c8fb5fce92cc4ce66b57c95fb875e9318dba7f8c5db0/toml-0.10.0-py2.py3-none-any.whl
Collecting attrs>=18.1.0
  Downloading https://files.pythonhosted.org/packages/a2/db/4313ab3be961f7a763066401fb77f7748373b6094076ae2bda2806988af6/attrs-19.3.0-py2.py3-none-any.whl
Installing collected packages: appdirs, click, toml, attrs, black
Successfully installed appdirs-1.4.3 attrs-19.3.0 black-19.3b0 click-7.0 toml-0.10.0
black \
	--check ./ ../testing \
	--exclude "(testing/scripts/proto|seldon_core/proto/|.eggs|.tox)"
All done! ✨ 🍰 ✨
48 files would be left unchanged.
make: Leaving directory '/workspace/source/python'
