
Showing logs for build [32mseldonio-seldon-core-pr-1142-li-khnvx-5[0m stage [32mpython-lint-task[0m and container [32mstep-credential-initializer-smplg[0m
{"level":"warn","ts":1574959689.5818515,"logger":"fallback-logger","caller":"logging/config.go:69","msg":"Fetch GitHub commit ID from kodata failed: \"ref: refs/heads/master\" is not a valid GitHub commit ID"}
{"level":"info","ts":1574959689.5825033,"logger":"fallback-logger","caller":"creds-init/main.go:40","msg":"Credentials initialized."}

Showing logs for build [32mseldonio-seldon-core-pr-1142-li-khnvx-5[0m stage [32mpython-lint-task[0m and container [32mstep-working-dir-initializer-s964x[0m
{"level":"warn","ts":1574959690.6281114,"logger":"fallback-logger","caller":"logging/config.go:69","msg":"Fetch GitHub commit ID from kodata failed: open /var/run/ko/HEAD: no such file or directory"}
{"level":"info","ts":1574959690.630353,"logger":"fallback-logger","caller":"bash/main.go:65","msg":"Successfully executed command \"mkdir -p /workspace/source\""}

Showing logs for build [32mseldonio-seldon-core-pr-1142-li-khnvx-5[0m stage [32mpython-lint-task[0m and container [32mstep-place-tools[0m

Showing logs for build [32mseldonio-seldon-core-pr-1142-li-khnvx-5[0m stage [32mpython-lint-task[0m and container [32mstep-git-source-seldonio-seldon-core-pr-1142-li-5wqvj[0m
{"level":"warn","ts":1574959695.809003,"logger":"fallback-logger","caller":"logging/config.go:69","msg":"Fetch GitHub commit ID from kodata failed: \"ref: refs/heads/master\" is not a valid GitHub commit ID"}
{"level":"info","ts":1574959699.0623229,"logger":"fallback-logger","caller":"git/git.go:102","msg":"Successfully cloned https://github.com/SeldonIO/seldon-core.git @ master in path /workspace/source"}

Showing logs for build [32mseldonio-seldon-core-pr-1142-li-khnvx-5[0m stage [32mpython-lint-task[0m and container [32mstep-git-merge[0m
Using SHAs from PULL_REFS=master:8160636472cd3ecdc23b76ff6fe981ceba4bf222,1142:b8c5f6e3f8219366f8e25ba56965b7603a110502
DEBUG: ran git fetch --unshallow origin b8c5f6e3f8219366f8e25ba56965b7603a110502: 8160636472cd3ecdc23b76ff6fe981ceba4bf222: in 
DEBUG: ran git checkout master in 
DEBUG: ran git reset --hard 8160636472cd3ecdc23b76ff6fe981ceba4bf222 in 
DEBUG: ran clean --force -d . in 
DEBUG: ran git merge b8c5f6e3f8219366f8e25ba56965b7603a110502 in 
Merged SHA 5ccf89ae536a6664672d95bbb8b38239fb256b1d with commit message 'Merge commit 'b8c5f6e3f8219366f8e25ba56965b7603a110502'' into base branch master
Merged SHA b8c5f6e3f8219366f8e25ba56965b7603a110502 with commit message 'add controller id example and use of labels for controller' into base branch master
Merged SHA a7b58d5ebcda24df1f69efb4a290d25db627a0cb with commit message 'Allow namespaced operators and initial work on operators with controller-id' into base branch master
Merged SHA 86d573e438432aa9ca9303fa07aedea7c6f5284e with commit message 'Initial namespaced operator update - kustomize changes' into base branch master

Showing logs for build [32mseldonio-seldon-core-pr-1142-li-khnvx-5[0m stage [32mpython-lint-task[0m and container [32mstep-python-lint[0m
make: Entering directory '/workspace/source/python'
pip install black==19.3b0
Collecting black==19.3b0
  Downloading https://files.pythonhosted.org/packages/30/62/cf549544a5fe990bbaeca21e9c419501b2de7a701ab0afb377bc81676600/black-19.3b0-py36-none-any.whl (89kB)
Collecting click>=6.5
  Downloading https://files.pythonhosted.org/packages/fa/37/45185cb5abbc30d7257104c434fe0b07e5a195a6847506c074527aa599ec/Click-7.0-py2.py3-none-any.whl (81kB)
Collecting attrs>=18.1.0
  Downloading https://files.pythonhosted.org/packages/a2/db/4313ab3be961f7a763066401fb77f7748373b6094076ae2bda2806988af6/attrs-19.3.0-py2.py3-none-any.whl
Collecting toml>=0.9.4
  Downloading https://files.pythonhosted.org/packages/a2/12/ced7105d2de62fa7c8fb5fce92cc4ce66b57c95fb875e9318dba7f8c5db0/toml-0.10.0-py2.py3-none-any.whl
Collecting appdirs
  Downloading https://files.pythonhosted.org/packages/56/eb/810e700ed1349edde4cbdc1b2a21e28cdf115f9faf263f6bbf8447c1abf3/appdirs-1.4.3-py2.py3-none-any.whl
Installing collected packages: click, attrs, toml, appdirs, black
Successfully installed appdirs-1.4.3 attrs-19.3.0 black-19.3b0 click-7.0 toml-0.10.0
black \
	--check ./ ../testing \
	--exclude "(testing/scripts/proto|seldon_core/proto/|.eggs|.tox)"
All done! ✨ 🍰 ✨
49 files would be left unchanged.
make: Leaving directory '/workspace/source/python'
