
Showing logs for build [32mseldonio-seldon-core-pr-1102-li-vbbk5-3[0m stage [32mpython-lint-task[0m and container [32mstep-credential-initializer-q29zg[0m
{"level":"warn","ts":1573582075.7116685,"logger":"fallback-logger","caller":"logging/config.go:69","msg":"Fetch GitHub commit ID from kodata failed: \"ref: refs/heads/master\" is not a valid GitHub commit ID"}
{"level":"info","ts":1573582075.7120218,"logger":"fallback-logger","caller":"creds-init/main.go:40","msg":"Credentials initialized."}

Showing logs for build [32mseldonio-seldon-core-pr-1102-li-vbbk5-3[0m stage [32mpython-lint-task[0m and container [32mstep-working-dir-initializer-wpzkz[0m
{"level":"warn","ts":1573582076.0462363,"logger":"fallback-logger","caller":"logging/config.go:69","msg":"Fetch GitHub commit ID from kodata failed: open /var/run/ko/HEAD: no such file or directory"}
{"level":"info","ts":1573582076.0474668,"logger":"fallback-logger","caller":"bash/main.go:65","msg":"Successfully executed command \"mkdir -p /workspace/source\""}

Showing logs for build [32mseldonio-seldon-core-pr-1102-li-vbbk5-3[0m stage [32mpython-lint-task[0m and container [32mstep-place-tools[0m

Showing logs for build [32mseldonio-seldon-core-pr-1102-li-vbbk5-3[0m stage [32mpython-lint-task[0m and container [32mstep-git-source-seldonio-seldon-core-pr-1102-li-pm9bj[0m
{"level":"warn","ts":1573582082.161795,"logger":"fallback-logger","caller":"logging/config.go:69","msg":"Fetch GitHub commit ID from kodata failed: \"ref: refs/heads/master\" is not a valid GitHub commit ID"}
{"level":"info","ts":1573582085.0875084,"logger":"fallback-logger","caller":"git/git.go:102","msg":"Successfully cloned https://github.com/SeldonIO/seldon-core.git @ master in path /workspace/source"}

Showing logs for build [32mseldonio-seldon-core-pr-1102-li-vbbk5-3[0m stage [32mpython-lint-task[0m and container [32mstep-git-merge[0m
Using SHAs from PULL_REFS=master:32710b10e7e690afac85b795bb1647bfd44f3246,1102:799dcb875a91c7470384eadba5731d0a71ed500e
DEBUG: ran git fetch --unshallow origin 799dcb875a91c7470384eadba5731d0a71ed500e: 32710b10e7e690afac85b795bb1647bfd44f3246: in 
DEBUG: ran git checkout master in 
DEBUG: ran git reset --hard 32710b10e7e690afac85b795bb1647bfd44f3246 in 
DEBUG: ran clean --force -d . in 
DEBUG: ran git merge 799dcb875a91c7470384eadba5731d0a71ed500e in 
Merged SHA 83439b92bd26b177119c1cc0e64bfbda25e6739c with commit message 'Merge commit '799dcb875a91c7470384eadba5731d0a71ed500e'' into base branch master
Merged SHA 799dcb875a91c7470384eadba5731d0a71ed500e with commit message 'fix yaml fomatting' into base branch master
Merged SHA 77e8f7a808cdd700b8361829287f4bc879ba165f with commit message 'shadow traffic going throug' into base branch master
Merged SHA d203b1c2dc7e11e4c17894815be7443a88305ad2 with commit message 'try to just mirror by host not labels - not working yet (see TODO)' into base branch master
Merged SHA 5bc080068a659ad6afce3ef62111f452e1c451dd with commit message 'no Service for the shadow' into base branch master

Showing logs for build [32mseldonio-seldon-core-pr-1102-li-vbbk5-3[0m stage [32mpython-lint-task[0m and container [32mstep-python-lint[0m
make: Entering directory '/workspace/source/python'
pip install black==19.3b0
Collecting black==19.3b0
  Downloading https://files.pythonhosted.org/packages/30/62/cf549544a5fe990bbaeca21e9c419501b2de7a701ab0afb377bc81676600/black-19.3b0-py36-none-any.whl (89kB)
Collecting click>=6.5
  Downloading https://files.pythonhosted.org/packages/fa/37/45185cb5abbc30d7257104c434fe0b07e5a195a6847506c074527aa599ec/Click-7.0-py2.py3-none-any.whl (81kB)
Collecting attrs>=18.1.0
  Downloading https://files.pythonhosted.org/packages/a2/db/4313ab3be961f7a763066401fb77f7748373b6094076ae2bda2806988af6/attrs-19.3.0-py2.py3-none-any.whl
Collecting toml>=0.9.4
  Downloading https://files.pythonhosted.org/packages/a2/12/ced7105d2de62fa7c8fb5fce92cc4ce66b57c95fb875e9318dba7f8c5db0/toml-0.10.0-py2.py3-none-any.whl
Collecting appdirs
  Downloading https://files.pythonhosted.org/packages/56/eb/810e700ed1349edde4cbdc1b2a21e28cdf115f9faf263f6bbf8447c1abf3/appdirs-1.4.3-py2.py3-none-any.whl
Installing collected packages: click, attrs, toml, appdirs, black
Successfully installed appdirs-1.4.3 attrs-19.3.0 black-19.3b0 click-7.0 toml-0.10.0
black \
	--check ./ ../testing \
	--exclude "(testing/scripts/proto|seldon_core/proto/|.eggs|.tox)"
All done! ✨ 🍰 ✨
50 files would be left unchanged.
make: Leaving directory '/workspace/source/python'
