
Showing logs for build [32mseldonio-seldon-core-pr-1118-li-vjl6t-19[0m stage [32mpython-lint-task[0m and container [32mstep-credential-initializer-m72jc[0m
{"level":"warn","ts":1574857732.896423,"logger":"fallback-logger","caller":"logging/config.go:69","msg":"Fetch GitHub commit ID from kodata failed: \"ref: refs/heads/master\" is not a valid GitHub commit ID"}
{"level":"info","ts":1574857732.8970268,"logger":"fallback-logger","caller":"creds-init/main.go:40","msg":"Credentials initialized."}

Showing logs for build [32mseldonio-seldon-core-pr-1118-li-vjl6t-19[0m stage [32mpython-lint-task[0m and container [32mstep-working-dir-initializer-6bq48[0m
{"level":"warn","ts":1574857733.8898563,"logger":"fallback-logger","caller":"logging/config.go:69","msg":"Fetch GitHub commit ID from kodata failed: open /var/run/ko/HEAD: no such file or directory"}
{"level":"info","ts":1574857733.891646,"logger":"fallback-logger","caller":"bash/main.go:65","msg":"Successfully executed command \"mkdir -p /workspace/source\""}

Showing logs for build [32mseldonio-seldon-core-pr-1118-li-vjl6t-19[0m stage [32mpython-lint-task[0m and container [32mstep-place-tools[0m

Showing logs for build [32mseldonio-seldon-core-pr-1118-li-vjl6t-19[0m stage [32mpython-lint-task[0m and container [32mstep-git-source-seldonio-seldon-core-pr-1118-li-hpv9b[0m
{"level":"warn","ts":1574857741.0235329,"logger":"fallback-logger","caller":"logging/config.go:69","msg":"Fetch GitHub commit ID from kodata failed: \"ref: refs/heads/master\" is not a valid GitHub commit ID"}
{"level":"info","ts":1574857744.7680676,"logger":"fallback-logger","caller":"git/git.go:102","msg":"Successfully cloned https://github.com/SeldonIO/seldon-core.git @ master in path /workspace/source"}

Showing logs for build [32mseldonio-seldon-core-pr-1118-li-vjl6t-19[0m stage [32mpython-lint-task[0m and container [32mstep-git-merge[0m
Using SHAs from PULL_REFS=master:8160636472cd3ecdc23b76ff6fe981ceba4bf222,1118:d72ed50f999ae02cbbee90b6bdb390e61637d8a7
DEBUG: ran git fetch --unshallow origin d72ed50f999ae02cbbee90b6bdb390e61637d8a7: 8160636472cd3ecdc23b76ff6fe981ceba4bf222: in 
DEBUG: ran git checkout master in 
DEBUG: ran git reset --hard 8160636472cd3ecdc23b76ff6fe981ceba4bf222 in 
DEBUG: ran clean --force -d . in 
DEBUG: ran git merge d72ed50f999ae02cbbee90b6bdb390e61637d8a7 in 
Merged SHA 37a694c02d714e9df84accee756417dd96f01b04 with commit message 'Merge commit 'd72ed50f999ae02cbbee90b6bdb390e61637d8a7'' into base branch master
Merged SHA d72ed50f999ae02cbbee90b6bdb390e61637d8a7 with commit message 'fix initcontainer for non-tf prepack' into base branch master
Merged SHA 5e26e1a30d7653ac6f1008c210edce6b33aa0973 with commit message 'tensorflow running' into base branch master
Merged SHA b74d55372ac6fd438948d33f85c715087101b292 with commit message 'start to handle the tfserving image' into base branch master
Merged SHA 0f64634f4eb6375260bb68bc7860aa8741900ff9 with commit message 'put back test' into base branch master
Merged SHA 245004f414b53dda11ff2e3e31160a5d1b2637b8 with commit message 'remove other references to constants' into base branch master
Merged SHA 17520cc47faeec7eb6fe1248f57eb68d8346ae32 with commit message 'able to run this now' into base branch master
Merged SHA 21e9fc1d3458b8e3ad02cec070aa8c5fac9a43cf with commit message 'add note on what to do next' into base branch master
Merged SHA 02e8f7b52292bf93425ca493e8c7b16dc889d70a with commit message 'use map and dynamic lookup but will need k8s client' into base branch master
Merged SHA 4f2e3e639d39a28b2fe3273a879ee02765454c2a with commit message 'initial changes towards configurable prepack' into base branch master

Showing logs for build [32mseldonio-seldon-core-pr-1118-li-vjl6t-19[0m stage [32mpython-lint-task[0m and container [32mstep-python-lint[0m
make: Entering directory '/workspace/source/python'
pip install black==19.3b0
Collecting black==19.3b0
  Downloading https://files.pythonhosted.org/packages/30/62/cf549544a5fe990bbaeca21e9c419501b2de7a701ab0afb377bc81676600/black-19.3b0-py36-none-any.whl (89kB)
Collecting attrs>=18.1.0
  Downloading https://files.pythonhosted.org/packages/a2/db/4313ab3be961f7a763066401fb77f7748373b6094076ae2bda2806988af6/attrs-19.3.0-py2.py3-none-any.whl
Collecting toml>=0.9.4
  Downloading https://files.pythonhosted.org/packages/a2/12/ced7105d2de62fa7c8fb5fce92cc4ce66b57c95fb875e9318dba7f8c5db0/toml-0.10.0-py2.py3-none-any.whl
Collecting appdirs
  Downloading https://files.pythonhosted.org/packages/56/eb/810e700ed1349edde4cbdc1b2a21e28cdf115f9faf263f6bbf8447c1abf3/appdirs-1.4.3-py2.py3-none-any.whl
Collecting click>=6.5
  Downloading https://files.pythonhosted.org/packages/fa/37/45185cb5abbc30d7257104c434fe0b07e5a195a6847506c074527aa599ec/Click-7.0-py2.py3-none-any.whl (81kB)
Installing collected packages: attrs, toml, appdirs, click, black
Successfully installed appdirs-1.4.3 attrs-19.3.0 black-19.3b0 click-7.0 toml-0.10.0
black \
	--check ./ ../testing \
	--exclude "(testing/scripts/proto|seldon_core/proto/|.eggs|.tox)"
All done! ✨ 🍰 ✨
49 files would be left unchanged.
make: Leaving directory '/workspace/source/python'
