
Showing logs for build [32mseldonio-seldon-core-pr-1108-li-mr4dg-3[0m stage [32mpython-lint-task[0m and container [32mstep-credential-initializer-d5m6d[0m
{"level":"warn","ts":1573831335.2552383,"logger":"fallback-logger","caller":"logging/config.go:69","msg":"Fetch GitHub commit ID from kodata failed: \"ref: refs/heads/master\" is not a valid GitHub commit ID"}
{"level":"info","ts":1573831335.2558057,"logger":"fallback-logger","caller":"creds-init/main.go:40","msg":"Credentials initialized."}

Showing logs for build [32mseldonio-seldon-core-pr-1108-li-mr4dg-3[0m stage [32mpython-lint-task[0m and container [32mstep-working-dir-initializer-qhhs4[0m
{"level":"warn","ts":1573831336.6872044,"logger":"fallback-logger","caller":"logging/config.go:69","msg":"Fetch GitHub commit ID from kodata failed: open /var/run/ko/HEAD: no such file or directory"}
{"level":"info","ts":1573831336.6894634,"logger":"fallback-logger","caller":"bash/main.go:65","msg":"Successfully executed command \"mkdir -p /workspace/source\""}

Showing logs for build [32mseldonio-seldon-core-pr-1108-li-mr4dg-3[0m stage [32mpython-lint-task[0m and container [32mstep-place-tools[0m

Showing logs for build [32mseldonio-seldon-core-pr-1108-li-mr4dg-3[0m stage [32mpython-lint-task[0m and container [32mstep-git-source-seldonio-seldon-core-pr-1108-li-f8xgl[0m
{"level":"warn","ts":1573831342.8357947,"logger":"fallback-logger","caller":"logging/config.go:69","msg":"Fetch GitHub commit ID from kodata failed: \"ref: refs/heads/master\" is not a valid GitHub commit ID"}
{"level":"info","ts":1573831346.2420797,"logger":"fallback-logger","caller":"git/git.go:102","msg":"Successfully cloned https://github.com/SeldonIO/seldon-core.git @ master in path /workspace/source"}

Showing logs for build [32mseldonio-seldon-core-pr-1108-li-mr4dg-3[0m stage [32mpython-lint-task[0m and container [32mstep-git-merge[0m
Using SHAs from PULL_REFS=master:bbe0bd135ac76a59c44f23d6704257197d6bd26e,1108:0116d0d3823a06dd6bb67c81a1baf82dbbd5c3a7
DEBUG: ran git fetch --unshallow origin 0116d0d3823a06dd6bb67c81a1baf82dbbd5c3a7: bbe0bd135ac76a59c44f23d6704257197d6bd26e: in 
DEBUG: ran git checkout master in 
DEBUG: ran git reset --hard bbe0bd135ac76a59c44f23d6704257197d6bd26e in 
DEBUG: ran clean --force -d . in 
DEBUG: ran git merge 0116d0d3823a06dd6bb67c81a1baf82dbbd5c3a7 in 
Merged SHA cec0d16d783c278bd75e47e77f15cb08364b6b0a with commit message 'Merge commit '0116d0d3823a06dd6bb67c81a1baf82dbbd5c3a7'' into base branch master
Merged SHA 0116d0d3823a06dd6bb67c81a1baf82dbbd5c3a7 with commit message 'Make CONDA_ENV_NAME explicit on env' into base branch master
Merged SHA c8fbb86797d2bbd02e6c2a6995e837cd71a8da96 with commit message 'Do some cleaning on MLFlowServer.py' into base branch master
Merged SHA daeb241fa1b54778c256f0354c93855a8acf87b7 with commit message 'Add before-run script to create Conda env' into base branch master
Merged SHA 335470c2f8ce5748aeb89756fa47319a0809228e with commit message 'Allow to specify custom CONDA_ENV_NAME' into base branch master
Merged SHA af30c196a2d8763c432f8332fd4d361b95ef789b with commit message 'Build MLFLOW_SERVER from conda s2i template' into base branch master
Merged SHA 8f182b6bcdf04fd25564f7e5c45e00b5c25844a3 with commit message 'Fix typo on s2i image name' into base branch master
Merged SHA 5c090f7eb6433c53e3d2ff0bab8a581f5f68c507 with commit message 'Allow to install system-wide pip dependencies' into base branch master
Merged SHA 95266ed4b69bdccfb8707463148ec4daa82447b2 with commit message 'Update usage' into base branch master
Merged SHA 2d13b7916697e0234e449ef94c0b338b812d7f98 with commit message 'Add python-conda s2i wrapper' into base branch master

Showing logs for build [32mseldonio-seldon-core-pr-1108-li-mr4dg-3[0m stage [32mpython-lint-task[0m and container [32mstep-python-lint[0m
make: Entering directory '/workspace/source/python'
pip install black==19.3b0
Collecting black==19.3b0
  Downloading https://files.pythonhosted.org/packages/30/62/cf549544a5fe990bbaeca21e9c419501b2de7a701ab0afb377bc81676600/black-19.3b0-py36-none-any.whl (89kB)
Collecting attrs>=18.1.0
  Downloading https://files.pythonhosted.org/packages/a2/db/4313ab3be961f7a763066401fb77f7748373b6094076ae2bda2806988af6/attrs-19.3.0-py2.py3-none-any.whl
Collecting click>=6.5
  Downloading https://files.pythonhosted.org/packages/fa/37/45185cb5abbc30d7257104c434fe0b07e5a195a6847506c074527aa599ec/Click-7.0-py2.py3-none-any.whl (81kB)
Collecting appdirs
  Downloading https://files.pythonhosted.org/packages/56/eb/810e700ed1349edde4cbdc1b2a21e28cdf115f9faf263f6bbf8447c1abf3/appdirs-1.4.3-py2.py3-none-any.whl
Collecting toml>=0.9.4
  Downloading https://files.pythonhosted.org/packages/a2/12/ced7105d2de62fa7c8fb5fce92cc4ce66b57c95fb875e9318dba7f8c5db0/toml-0.10.0-py2.py3-none-any.whl
Installing collected packages: attrs, click, appdirs, toml, black
Successfully installed appdirs-1.4.3 attrs-19.3.0 black-19.3b0 click-7.0 toml-0.10.0
black \
	--check ./ ../testing \
	--exclude "(testing/scripts/proto|seldon_core/proto/|.eggs|.tox)"
All done! ✨ 🍰 ✨
48 files would be left unchanged.
make: Leaving directory '/workspace/source/python'
