
Showing logs for build [32mseldonio-seldon-core-pr-1108-li-hpxqx-9[0m stage [32mpython-lint-task[0m and container [32mstep-credential-initializer-6xqfx[0m
{"level":"warn","ts":1574165215.7214963,"logger":"fallback-logger","caller":"logging/config.go:69","msg":"Fetch GitHub commit ID from kodata failed: \"ref: refs/heads/master\" is not a valid GitHub commit ID"}
{"level":"info","ts":1574165215.7218618,"logger":"fallback-logger","caller":"creds-init/main.go:40","msg":"Credentials initialized."}

Showing logs for build [32mseldonio-seldon-core-pr-1108-li-hpxqx-9[0m stage [32mpython-lint-task[0m and container [32mstep-working-dir-initializer-2gmzh[0m
{"level":"warn","ts":1574165216.7458787,"logger":"fallback-logger","caller":"logging/config.go:69","msg":"Fetch GitHub commit ID from kodata failed: open /var/run/ko/HEAD: no such file or directory"}
{"level":"info","ts":1574165216.7475705,"logger":"fallback-logger","caller":"bash/main.go:65","msg":"Successfully executed command \"mkdir -p /workspace/source\""}

Showing logs for build [32mseldonio-seldon-core-pr-1108-li-hpxqx-9[0m stage [32mpython-lint-task[0m and container [32mstep-place-tools[0m

Showing logs for build [32mseldonio-seldon-core-pr-1108-li-hpxqx-9[0m stage [32mpython-lint-task[0m and container [32mstep-git-source-seldonio-seldon-core-pr-1108-li-ghqh5[0m
{"level":"warn","ts":1574165221.9957552,"logger":"fallback-logger","caller":"logging/config.go:69","msg":"Fetch GitHub commit ID from kodata failed: \"ref: refs/heads/master\" is not a valid GitHub commit ID"}
{"level":"info","ts":1574165225.3053262,"logger":"fallback-logger","caller":"git/git.go:102","msg":"Successfully cloned https://github.com/SeldonIO/seldon-core.git @ master in path /workspace/source"}

Showing logs for build [32mseldonio-seldon-core-pr-1108-li-hpxqx-9[0m stage [32mpython-lint-task[0m and container [32mstep-git-merge[0m
Using SHAs from PULL_REFS=master:c031610a1dbcae13cc62f31f21e92840f371cfca,1108:75f6f62a946132107e66d2d0a9e9c579b8388a73
DEBUG: ran git fetch --unshallow origin 75f6f62a946132107e66d2d0a9e9c579b8388a73: c031610a1dbcae13cc62f31f21e92840f371cfca: in 
DEBUG: ran git checkout master in 
DEBUG: ran git reset --hard c031610a1dbcae13cc62f31f21e92840f371cfca in 
DEBUG: ran clean --force -d . in 
DEBUG: ran git merge 75f6f62a946132107e66d2d0a9e9c579b8388a73 in 
Merged SHA 1e6b9d11e811a0e4a1320e9c66391e4e0778ee3a with commit message 'Merge commit '75f6f62a946132107e66d2d0a9e9c579b8388a73'' into base branch master
Merged SHA 75f6f62a946132107e66d2d0a9e9c579b8388a73 with commit message 'Support arbitrary names' into base branch master
Merged SHA a2afda49a21ddfa8d4b7fbb045f70086ada5f63a with commit message 'Add test for MLFLOW_SERVER' into base branch master
Merged SHA 05e2739ea8c8c48e34f5ddfbe4d6bd3826aa02b3 with commit message 'Cap major versions' into base branch master
Merged SHA 1a09d7e4e1075c139b6415a10f797ee61d1ef72c with commit message 'Ensure that the base requirements exist on the new Conda environment' into base branch master
Merged SHA ff8c4afc74bb2f8a506111abe469670a8020d473 with commit message 'Add new set of base requirements' into base branch master
Merged SHA 7e8f1dead72054dedfce2287f3d2f78d914a8464 with commit message 'Make before-run executable' into base branch master
Merged SHA b626ad7b283e8c5f10ecbf7a86cca1cdc26e8d58 with commit message 'Check if Conda env is present (instead of conda.yaml file)' into base branch master
Merged SHA 35ab39793178f42d80cb00f983038cdf65418385 with commit message 'Make CONDA_ENV_NAME explicit on env' into base branch master
Merged SHA c1014980e5558642278b5176ed632086ae103dac with commit message 'Do some cleaning on MLFlowServer.py' into base branch master
Merged SHA 6393d74baac288f6accebd795886c686fc49bd2a with commit message 'Add before-run script to create Conda env' into base branch master
Merged SHA 914a6ebb43dbed044dae01c2ada24f01aea29dee with commit message 'Allow to specify custom CONDA_ENV_NAME' into base branch master
Merged SHA 8f0b869517ae4643fe7a6d0e8bd34c444af1fcc6 with commit message 'Build MLFLOW_SERVER from conda s2i template' into base branch master
Merged SHA 946893cbf67fc3126a33fa6c6e40764d81536889 with commit message 'Fix typo on s2i image name' into base branch master
Merged SHA e0dc0a174ad1f6e3bf07194ded1d1cfc619a65a5 with commit message 'Allow to install system-wide pip dependencies' into base branch master
Merged SHA 2f451338f47bba8920092e4a4ee6afff8271e5e8 with commit message 'Update usage' into base branch master
Merged SHA c980f9cccc1bedc6556dbf689fbbaee0e25b54f6 with commit message 'Add python-conda s2i wrapper' into base branch master

Showing logs for build [32mseldonio-seldon-core-pr-1108-li-hpxqx-9[0m stage [32mpython-lint-task[0m and container [32mstep-python-lint[0m
make: Entering directory '/workspace/source/python'
pip install black==19.3b0
Collecting black==19.3b0
  Downloading https://files.pythonhosted.org/packages/30/62/cf549544a5fe990bbaeca21e9c419501b2de7a701ab0afb377bc81676600/black-19.3b0-py36-none-any.whl (89kB)
Collecting click>=6.5
  Downloading https://files.pythonhosted.org/packages/fa/37/45185cb5abbc30d7257104c434fe0b07e5a195a6847506c074527aa599ec/Click-7.0-py2.py3-none-any.whl (81kB)
Collecting toml>=0.9.4
  Downloading https://files.pythonhosted.org/packages/a2/12/ced7105d2de62fa7c8fb5fce92cc4ce66b57c95fb875e9318dba7f8c5db0/toml-0.10.0-py2.py3-none-any.whl
Collecting appdirs
  Downloading https://files.pythonhosted.org/packages/56/eb/810e700ed1349edde4cbdc1b2a21e28cdf115f9faf263f6bbf8447c1abf3/appdirs-1.4.3-py2.py3-none-any.whl
Collecting attrs>=18.1.0
  Downloading https://files.pythonhosted.org/packages/a2/db/4313ab3be961f7a763066401fb77f7748373b6094076ae2bda2806988af6/attrs-19.3.0-py2.py3-none-any.whl
Installing collected packages: click, toml, appdirs, attrs, black
Successfully installed appdirs-1.4.3 attrs-19.3.0 black-19.3b0 click-7.0 toml-0.10.0
black \
	--check ./ ../testing \
	--exclude "(testing/scripts/proto|seldon_core/proto/|.eggs|.tox)"
All done! ✨ 🍰 ✨
48 files would be left unchanged.
make: Leaving directory '/workspace/source/python'
