
Showing logs for build [32mseldonio-seldon-core-pr-1117-li-fhgjz-6[0m stage [32mpython-lint-task[0m and container [32mstep-credential-initializer-zp8qh[0m
{"level":"warn","ts":1574255317.426922,"logger":"fallback-logger","caller":"logging/config.go:69","msg":"Fetch GitHub commit ID from kodata failed: \"ref: refs/heads/master\" is not a valid GitHub commit ID"}
{"level":"info","ts":1574255317.427552,"logger":"fallback-logger","caller":"creds-init/main.go:40","msg":"Credentials initialized."}

Showing logs for build [32mseldonio-seldon-core-pr-1117-li-fhgjz-6[0m stage [32mpython-lint-task[0m and container [32mstep-working-dir-initializer-c62sv[0m
{"level":"warn","ts":1574255317.8298402,"logger":"fallback-logger","caller":"logging/config.go:69","msg":"Fetch GitHub commit ID from kodata failed: open /var/run/ko/HEAD: no such file or directory"}
{"level":"info","ts":1574255317.8314776,"logger":"fallback-logger","caller":"bash/main.go:65","msg":"Successfully executed command \"mkdir -p /workspace/source\""}

Showing logs for build [32mseldonio-seldon-core-pr-1117-li-fhgjz-6[0m stage [32mpython-lint-task[0m and container [32mstep-place-tools[0m

Showing logs for build [32mseldonio-seldon-core-pr-1117-li-fhgjz-6[0m stage [32mpython-lint-task[0m and container [32mstep-git-source-seldonio-seldon-core-pr-1117-li-m4nfg[0m
{"level":"warn","ts":1574255323.9794824,"logger":"fallback-logger","caller":"logging/config.go:69","msg":"Fetch GitHub commit ID from kodata failed: \"ref: refs/heads/master\" is not a valid GitHub commit ID"}
{"level":"info","ts":1574255327.208094,"logger":"fallback-logger","caller":"git/git.go:102","msg":"Successfully cloned https://github.com/SeldonIO/seldon-core.git @ master in path /workspace/source"}

Showing logs for build [32mseldonio-seldon-core-pr-1117-li-fhgjz-6[0m stage [32mpython-lint-task[0m and container [32mstep-git-merge[0m
Using SHAs from PULL_REFS=master:c031610a1dbcae13cc62f31f21e92840f371cfca,1117:85083f882ad90617c239befc45f970d69c2ff053
DEBUG: ran git fetch --unshallow origin 85083f882ad90617c239befc45f970d69c2ff053: c031610a1dbcae13cc62f31f21e92840f371cfca: in 
DEBUG: ran git checkout master in 
DEBUG: ran git reset --hard c031610a1dbcae13cc62f31f21e92840f371cfca in 
DEBUG: ran clean --force -d . in 
DEBUG: ran git merge 85083f882ad90617c239befc45f970d69c2ff053 in 
Merged SHA bbd01f7d0ef772a7907c34ad04924262283f6305 with commit message 'Merge commit '85083f882ad90617c239befc45f970d69c2ff053'' into base branch master
Merged SHA 85083f882ad90617c239befc45f970d69c2ff053 with commit message 'using another variable for test rest template' into base branch master
Merged SHA dd79a7cc65f101462853619269c3ced1ad6eddc8 with commit message 'adding a unit test handling exception' into base branch master
Merged SHA b7b963fe07c6f0b438f3aae7f79e5ceb823b1807 with commit message 'typo fix' into base branch master
Merged SHA e45fd85457ccaea3fefbae04640bed3974380a1c with commit message 'handle http status code error' into base branch master

Showing logs for build [32mseldonio-seldon-core-pr-1117-li-fhgjz-6[0m stage [32mpython-lint-task[0m and container [32mstep-python-lint[0m
make: Entering directory '/workspace/source/python'
pip install black==19.3b0
Collecting black==19.3b0
  Downloading https://files.pythonhosted.org/packages/30/62/cf549544a5fe990bbaeca21e9c419501b2de7a701ab0afb377bc81676600/black-19.3b0-py36-none-any.whl (89kB)
Collecting attrs>=18.1.0
  Downloading https://files.pythonhosted.org/packages/a2/db/4313ab3be961f7a763066401fb77f7748373b6094076ae2bda2806988af6/attrs-19.3.0-py2.py3-none-any.whl
Collecting toml>=0.9.4
  Downloading https://files.pythonhosted.org/packages/a2/12/ced7105d2de62fa7c8fb5fce92cc4ce66b57c95fb875e9318dba7f8c5db0/toml-0.10.0-py2.py3-none-any.whl
Collecting click>=6.5
  Downloading https://files.pythonhosted.org/packages/fa/37/45185cb5abbc30d7257104c434fe0b07e5a195a6847506c074527aa599ec/Click-7.0-py2.py3-none-any.whl (81kB)
Collecting appdirs
  Downloading https://files.pythonhosted.org/packages/56/eb/810e700ed1349edde4cbdc1b2a21e28cdf115f9faf263f6bbf8447c1abf3/appdirs-1.4.3-py2.py3-none-any.whl
Installing collected packages: attrs, toml, click, appdirs, black
Successfully installed appdirs-1.4.3 attrs-19.3.0 black-19.3b0 click-7.0 toml-0.10.0
black \
	--check ./ ../testing \
	--exclude "(testing/scripts/proto|seldon_core/proto/|.eggs|.tox)"
All done! ✨ 🍰 ✨
48 files would be left unchanged.
make: Leaving directory '/workspace/source/python'
