
Showing logs for build [32mseldonio-seldon-core-pr-1160-li-pz6gr-3[0m stage [32mpython-lint-task[0m and container [32mstep-credential-initializer-bc4f2[0m
{"level":"warn","ts":1575042805.4901218,"logger":"fallback-logger","caller":"logging/config.go:69","msg":"Fetch GitHub commit ID from kodata failed: \"ref: refs/heads/master\" is not a valid GitHub commit ID"}
{"level":"info","ts":1575042805.490656,"logger":"fallback-logger","caller":"creds-init/main.go:40","msg":"Credentials initialized."}

Showing logs for build [32mseldonio-seldon-core-pr-1160-li-pz6gr-3[0m stage [32mpython-lint-task[0m and container [32mstep-working-dir-initializer-g8kz6[0m
{"level":"warn","ts":1575042806.5192404,"logger":"fallback-logger","caller":"logging/config.go:69","msg":"Fetch GitHub commit ID from kodata failed: open /var/run/ko/HEAD: no such file or directory"}
{"level":"info","ts":1575042806.5204432,"logger":"fallback-logger","caller":"bash/main.go:65","msg":"Successfully executed command \"mkdir -p /workspace/source\""}

Showing logs for build [32mseldonio-seldon-core-pr-1160-li-pz6gr-3[0m stage [32mpython-lint-task[0m and container [32mstep-place-tools[0m

Showing logs for build [32mseldonio-seldon-core-pr-1160-li-pz6gr-3[0m stage [32mpython-lint-task[0m and container [32mstep-git-source-seldonio-seldon-core-pr-1160-li-f2f89[0m
{"level":"warn","ts":1575042812.7290812,"logger":"fallback-logger","caller":"logging/config.go:69","msg":"Fetch GitHub commit ID from kodata failed: \"ref: refs/heads/master\" is not a valid GitHub commit ID"}
{"level":"info","ts":1575042816.0771039,"logger":"fallback-logger","caller":"git/git.go:102","msg":"Successfully cloned https://github.com/SeldonIO/seldon-core.git @ master in path /workspace/source"}

Showing logs for build [32mseldonio-seldon-core-pr-1160-li-pz6gr-3[0m stage [32mpython-lint-task[0m and container [32mstep-git-merge[0m
Using SHAs from PULL_REFS=master:12813060afe345becf68258eea1c80576132e3a6,1160:59ff11d3faa269eb2bb1b35d7006e1e7f7f5d4fe
DEBUG: ran git fetch --unshallow origin 59ff11d3faa269eb2bb1b35d7006e1e7f7f5d4fe: 12813060afe345becf68258eea1c80576132e3a6: in 
DEBUG: ran git checkout master in 
DEBUG: ran git reset --hard 12813060afe345becf68258eea1c80576132e3a6 in 
DEBUG: ran clean --force -d . in 
DEBUG: ran git merge 59ff11d3faa269eb2bb1b35d7006e1e7f7f5d4fe in 
Merged SHA 59ff11d3faa269eb2bb1b35d7006e1e7f7f5d4fe with commit message 'Pinned seldon core versions to 0.5.1' into base branch master
Merged SHA e39990fc56e8df03c89a2841d8e9f15988650d23 with commit message 'updated s2i Python scripts to include requirements.txt' into base branch master
Merged SHA 62c95d055e7dde44beda6f7eacec5063176c516c with commit message 'Updated to master' into base branch master
Merged SHA 1a9cb1ccfeff59af1a13132931fbd68c978689f5 with commit message 'Merge pull request #1 from JoelH96/s2i-python-requirements' into base branch master
Merged SHA e7673eb8f9fcbbb3b419253a5c49e963178dd573 with commit message 'Python dependencies added as requirements.txt files' into base branch master
Merged SHA db200248ea56c2c3e9a8cdd6a1b65bd070c97f05 with commit message 'Merged with master' into base branch master
Merged SHA b2dd8b3d3a463bd4feb2210835331c74fca39eba with commit message 'Merge remote-tracking branch 'upstream/master'' into base branch master
Merged SHA 148e2b805c07f4bbdda559a8f739ca7683c65385 with commit message 'Setting TF-GPU to version 1.13.1' into base branch master
Merged SHA 99105456d2e30f32d26e4f8308467fc424098aa8 with commit message 'Merge remote-tracking branch 'upstream/master'' into base branch master
Merged SHA 5d4cbadafe6cfcb890dad023bf4aac0d9dff1b39 with commit message 'Removed old Python-GPU folder' into base branch master
Merged SHA 6c7da2cc85ce43fbfd80605041e985e9dfd062bd with commit message 'Integrated Python GPU wrapper into main Python folder"' into base branch master
Merged SHA 57e105bf80ea4dce8846e8764fbb6dad43e92cad with commit message 'Updated Python-GPU Wrapper' into base branch master
Merged SHA 1de6b1506805adb2e46155112c520264351f6b8d with commit message 'Updated GPU wrapper' into base branch master
Merged SHA f7bc182fefe5a3ede67fd864ff5c87c712a58393 with commit message 'Updated GPU wrapper to uninstall TF without GPU' into base branch master

Showing logs for build [32mseldonio-seldon-core-pr-1160-li-pz6gr-3[0m stage [32mpython-lint-task[0m and container [32mstep-python-lint[0m
make: Entering directory '/workspace/source/python'
pip install black==19.3b0
Collecting black==19.3b0
  Downloading https://files.pythonhosted.org/packages/30/62/cf549544a5fe990bbaeca21e9c419501b2de7a701ab0afb377bc81676600/black-19.3b0-py36-none-any.whl (89kB)
Collecting attrs>=18.1.0
  Downloading https://files.pythonhosted.org/packages/a2/db/4313ab3be961f7a763066401fb77f7748373b6094076ae2bda2806988af6/attrs-19.3.0-py2.py3-none-any.whl
Collecting appdirs
  Downloading https://files.pythonhosted.org/packages/56/eb/810e700ed1349edde4cbdc1b2a21e28cdf115f9faf263f6bbf8447c1abf3/appdirs-1.4.3-py2.py3-none-any.whl
Collecting toml>=0.9.4
  Downloading https://files.pythonhosted.org/packages/a2/12/ced7105d2de62fa7c8fb5fce92cc4ce66b57c95fb875e9318dba7f8c5db0/toml-0.10.0-py2.py3-none-any.whl
Collecting click>=6.5
  Downloading https://files.pythonhosted.org/packages/fa/37/45185cb5abbc30d7257104c434fe0b07e5a195a6847506c074527aa599ec/Click-7.0-py2.py3-none-any.whl (81kB)
Installing collected packages: attrs, appdirs, toml, click, black
Successfully installed appdirs-1.4.3 attrs-19.3.0 black-19.3b0 click-7.0 toml-0.10.0
black \
	--check ./ ../testing \
	--exclude "(testing/scripts/proto|seldon_core/proto/|.eggs|.tox)"
All done! ✨ 🍰 ✨
49 files would be left unchanged.
make: Leaving directory '/workspace/source/python'
