
Showing logs for build [32mseldonio-seldon-core-pr-1026-li-mp79j-5[0m stage [32mpython-lint-task[0m and container [32mstep-credential-initializer-pstbs[0m
{"level":"warn","ts":1573731541.5221848,"logger":"fallback-logger","caller":"logging/config.go:69","msg":"Fetch GitHub commit ID from kodata failed: \"ref: refs/heads/master\" is not a valid GitHub commit ID"}
{"level":"info","ts":1573731541.5226321,"logger":"fallback-logger","caller":"creds-init/main.go:40","msg":"Credentials initialized."}

Showing logs for build [32mseldonio-seldon-core-pr-1026-li-mp79j-5[0m stage [32mpython-lint-task[0m and container [32mstep-working-dir-initializer-mxth7[0m
{"level":"warn","ts":1573731543.7550514,"logger":"fallback-logger","caller":"logging/config.go:69","msg":"Fetch GitHub commit ID from kodata failed: open /var/run/ko/HEAD: no such file or directory"}
{"level":"info","ts":1573731543.7572463,"logger":"fallback-logger","caller":"bash/main.go:65","msg":"Successfully executed command \"mkdir -p /workspace/source\""}

Showing logs for build [32mseldonio-seldon-core-pr-1026-li-mp79j-5[0m stage [32mpython-lint-task[0m and container [32mstep-place-tools[0m

Showing logs for build [32mseldonio-seldon-core-pr-1026-li-mp79j-5[0m stage [32mpython-lint-task[0m and container [32mstep-git-source-seldonio-seldon-core-pr-1026-li-2hlqk[0m
{"level":"warn","ts":1573731556.7283728,"logger":"fallback-logger","caller":"logging/config.go:69","msg":"Fetch GitHub commit ID from kodata failed: \"ref: refs/heads/master\" is not a valid GitHub commit ID"}
{"level":"info","ts":1573731560.3002186,"logger":"fallback-logger","caller":"git/git.go:102","msg":"Successfully cloned https://github.com/SeldonIO/seldon-core.git @ master in path /workspace/source"}

Showing logs for build [32mseldonio-seldon-core-pr-1026-li-mp79j-5[0m stage [32mpython-lint-task[0m and container [32mstep-git-merge[0m
Using SHAs from PULL_REFS=master:2f599041e768056db346d3b35d750026d60fd282,1026:51ff940283589f4039d14041a71b87e47b03c22a,1053:90166656fbc44fa3a53262fbfcc7c1ba0747eee7,1082:34e52815efd3eeec89a5c6e543436a54bd853560,1086:c4025e4fd9f0032aaf7060143ca7b49805e808d6
DEBUG: ran git fetch --unshallow origin 34e52815efd3eeec89a5c6e543436a54bd853560: c4025e4fd9f0032aaf7060143ca7b49805e808d6: 51ff940283589f4039d14041a71b87e47b03c22a: 90166656fbc44fa3a53262fbfcc7c1ba0747eee7: 2f599041e768056db346d3b35d750026d60fd282: in 
DEBUG: ran git checkout master in 
DEBUG: ran git reset --hard 2f599041e768056db346d3b35d750026d60fd282 in 
DEBUG: ran clean --force -d . in 
DEBUG: ran git merge 34e52815efd3eeec89a5c6e543436a54bd853560 in 
DEBUG: ran git merge c4025e4fd9f0032aaf7060143ca7b49805e808d6 in 
DEBUG: ran git merge 51ff940283589f4039d14041a71b87e47b03c22a in 
DEBUG: ran git merge 90166656fbc44fa3a53262fbfcc7c1ba0747eee7 in 
Merged SHA a2b801376ba77db200044840f702d39c4289c1f7 with commit message 'Merge commit '90166656fbc44fa3a53262fbfcc7c1ba0747eee7'' into base branch master
Merged SHA 4392c4ede7293eada1ff82c9a9754cef43292630 with commit message 'Merge commit '51ff940283589f4039d14041a71b87e47b03c22a'' into base branch master
Merged SHA b8ccf7f88720f4abb6ba47df56eb3d8fa0a59141 with commit message 'Merge commit 'c4025e4fd9f0032aaf7060143ca7b49805e808d6'' into base branch master
Merged SHA adebeed8126381470521cb51ab2c213d717656f4 with commit message 'Merge commit '34e52815efd3eeec89a5c6e543436a54bd853560'' into base branch master
Merged SHA 34e52815efd3eeec89a5c6e543436a54bd853560 with commit message 'Merge branch 'master' into 607_adding_json' into base branch master
Merged SHA 51ff940283589f4039d14041a71b87e47b03c22a with commit message 'Add a line about reliability and container stress' into base branch master
Merged SHA b4f9b41b59edf505f9b8e6f9cc4a04ee067c526c with commit message 'Merge branch 'add_health' of github.com:kparaju/seldon-core into add_health' into base branch master
Merged SHA 137bf680d482862185f337c4935ce8ef9f1d1507 with commit message 'Add documentation about how to replace the liveness and readiness probes' into base branch master
Merged SHA c1962beec04126fdb0874851c426dfc98b6ff5b2 with commit message 'Merge branch 'master' into add_health' into base branch master
Merged SHA c4025e4fd9f0032aaf7060143ca7b49805e808d6 with commit message 'Added check for 200 check' into base branch master
Merged SHA cc865bc737780ed2153ae96caa325a6e009c658c with commit message 'Separated s2i tests from the rest' into base branch master
Merged SHA b1df57d540e7ce9b4e551e70f2f1637c949ac520 with commit message 'Separated s2i tests from the rest' into base branch master
Merged SHA 7f50210bd8e43d6d94f5bd11021cbd25380fd778 with commit message 'Added lower attempts and lower cores' into base branch master
Merged SHA 1abde693819497676d39bc222a6c0abb9422711f with commit message 'Updated prepackaged model' into base branch master
Merged SHA 6f85ebd7fb717f7e5d463aad370de39b4c210d1a with commit message 'Updated pods to pass all tests' into base branch master
Merged SHA b6fe47a9be8df4a558c0dbc239b90b56eda3ee30 with commit message 'Updated pods info' into base branch master
Merged SHA 10a9c8c6bf304fb52890454d36a13917146d6940 with commit message 'Adding explicit run of script on background' into base branch master
Merged SHA f211d0dd81e6ac8762c2f7ca8a68425768cce0f2 with commit message 'Added support for initial requests with data' into base branch master
Merged SHA b44b0382737e4d438be23ed8f8ba445fab656491 with commit message 'Added support for initial requests with data' into base branch master
Merged SHA 125e92544dd8b4d948a3b840a1de0e676afc03a5 with commit message 'Added support for initial requests with data' into base branch master
Merged SHA 1aa5727339156dd3a733f4fbef1693c6e7f750ba with commit message 'Added initial rest request' into base branch master
Merged SHA b7238cb072cb3eb551ffbb9c3de447cd8b3a1674 with commit message 'Updated testing scripts' into base branch master
Merged SHA 8322dfff8020cab956e1c767adcd42702f6ec626 with commit message 'Disabling s2i tests' into base branch master
Merged SHA 1b2cf7c1598a800643027eb3388547e98019b0a9 with commit message 'Disabling CNI' into base branch master
Merged SHA 95f1f68e014ba4c813d3d54b229a3b43a2a5d80f with commit message 'Removing networking' into base branch master
Merged SHA 9b5b9d736486bc2cda82c45043a62b9a9d45195a with commit message 'Added networking config' into base branch master
Merged SHA adf933c22428a3bb3dbd420d3ccfa993dfb78a74 with commit message 'Added networking config' into base branch master
Merged SHA 73c9077cd0e5131911b4b0d10e67355d7eee2e34 with commit message 'Removed logging from request loops' into base branch master
Merged SHA 65b69609b927e15279d9e4e4a58332603e956f37 with commit message 'Moved prints to logs and added extra guards on namespace creation' into base branch master
Merged SHA 3f56f3bafefefc426f27a3e315224ca6787f7e12 with commit message 'Added less cores' into base branch master
Merged SHA 366741c2d308db9917e747c9c227962bf20e1182 with commit message 'Added requests' into base branch master
Merged SHA 66763501a16ef20b31f80a53e16b44bb53e07c4c with commit message 'Removed concurrent tests' into base branch master
Merged SHA a68f8b50f54adc66fa463f3b2a754335fafbd7a1 with commit message 'Added parallel execution of python tests' into base branch master
Merged SHA cf65e7e061b4487ac42d0884c5b5be688437e23d with commit message 'Merge remote-tracking branch 'upstream/master' into 1032_improve_speed_e2e_tests' into base branch master
Merged SHA 1344da41d73f4fbb594267a68f58073e3865cde2 with commit message 'Merge remote-tracking branch 'upstream/master' into 1032_improve_speed_e2e_tests' into base branch master
Merged SHA 06fabef79519ace1930f8facd436e2aeb100fc69 with commit message 'Updated script to run when files are modified and show modified files' into base branch master
Merged SHA 8c725514e678e8e947a18d2a99a13ef7f5c2335b with commit message 'Added multithreading by default' into base branch master
Merged SHA df0b07df97b53da5d678dae678b02c9944843b3c with commit message 'Removed commented code' into base branch master
Merged SHA 611c19a230b1ddf6082afb5f7e23b92a0ed79274 with commit message 'Updated for linter' into base branch master
Merged SHA 4d071cc378eda3b9d9bbd83ff573882606b85ce0 with commit message 'Updated kind script to only run builds for images that have been updated' into base branch master
Merged SHA 9d9c93754dfc08ab9806f899e0dcb2f4dd7ed617 with commit message 'Re-added make dependencies' into base branch master
Merged SHA 285e0588f7a1529ca44321228a86a5b308e3ce39 with commit message 'Added wait before initial request' into base branch master
Merged SHA 16a3dd6c4071e06c8d6fb6821f65b0a1c5cb3bfa with commit message 'Fixed helm charts' into base branch master
Merged SHA a0bca4342b82f2f4dbf35d863f78eb96bc995784 with commit message 'Added limits to ensure enough memory for kube system' into base branch master
Merged SHA cf6d0550c3a1dc4943fc1db93c703e14a77811ed with commit message 'Changed make to have optional number of workers' into base branch master
Merged SHA 2680d01877efdb49963ca0f4035841f8cb14f71f with commit message 'Updated to support retries on apply' into base branch master
Merged SHA 3231b979ec764565a6a40725cd936df58ebd8be5 with commit message 'Updated to support retries on apply' into base branch master
Merged SHA e90be22afe26e719df061e96f9886cb66fc58235 with commit message 'Updated conftest typo' into base branch master
Merged SHA b06b9cd5aec3afed32a34d3acf6cfbc9ddbec541 with commit message 'Cleaned and fixed namespaces' into base branch master
Merged SHA 945847d81bf3c8e59f1f170b59b9faca1b490a6d with commit message 'Added unique namespace per test' into base branch master
Merged SHA 6337728287bf24a5a49f085946fb47e264edb14d with commit message 'Testing parallel tests' into base branch master
Merged SHA 137dd914a85beb4aa569f176411c437c4ac49b84 with commit message 'Added tests for microservice' into base branch master
Merged SHA 29a05085fdc7f0068f80d2f046011ab69d926e5f with commit message 'added functionality for explainer' into base branch master
Merged SHA 59aa74694d18b9f04096b58e5cca228bc8d65471 with commit message 'Added tests for grpc' into base branch master
Merged SHA 361c3a5bd000d1296b656651314e61f8d73a4d48 with commit message 'Adding GRPC support for client' into base branch master
Merged SHA 33438447f0dbfd6518d68759cb9c5ca5c44c9f07 with commit message 'Added test for ambassadoor rest' into base branch master
Merged SHA 6750c5519519b0e009eedf8dd88a43203fb5a7bb with commit message 'Updated to support json_data' into base branch master
Merged SHA b3b006dde206d39ef27fd49c3586087d2959f1ca with commit message 'Merge remote-tracking branch 'upstream/master' into 607_adding_json' into base branch master
Merged SHA cc2fd0758f4f7d68432b9a7d32ec37e31351f4ec with commit message 'Added to microservice' into base branch master
Merged SHA ffe6af9182a3d5481b9220c446c2b0be8034d4e4 with commit message 'Updated functions to support json_data' into base branch master
Merged SHA 605a4ce7fb61d2476d42fd808776f6c385ae3367 with commit message 'Merge branch 'master' into add_health' into base branch master
Merged SHA 90166656fbc44fa3a53262fbfcc7c1ba0747eee7 with commit message 'Update redis requirement from <3.0.0 to <4.0.0 in /python' into base branch master
Merged SHA 3483b118ba4e4cbe8bcad19b9dc98759a7e9336a with commit message 'Add health_status_raw to Low level methods' into base branch master
Merged SHA 76de5e3f2af9a811f492e13be38849c80b461ac6 with commit message 'Add documentation' into base branch master
Merged SHA d8fcf7139b4f0eb3988e227771b22718c917a720 with commit message 'Black formatting' into base branch master
Merged SHA 5f9f915cb050e8ae9d6c78b60f11e9b5bb7f6f7c with commit message 'Merge remote-tracking branch 'upstream/master' into add_health' into base branch master
Merged SHA 51b6fbec0cdd6bcb06b96ec917e1d2adc9dab481 with commit message 'Add tests' into base branch master
Merged SHA e5f231859d7c2167dcbe0dda45069513db98d48e with commit message 'Fix indent bug' into base branch master
Merged SHA 0c7072eea6fb432a92adbe589ef6edb03453ea4a with commit message 'Add /health/ping and /health/status to Python REST microservice' into base branch master

Showing logs for build [32mseldonio-seldon-core-pr-1026-li-mp79j-5[0m stage [32mpython-lint-task[0m and container [32mstep-python-lint[0m
make: Entering directory '/workspace/source/python'
pip install black==19.3b0
Collecting black==19.3b0
  Downloading https://files.pythonhosted.org/packages/30/62/cf549544a5fe990bbaeca21e9c419501b2de7a701ab0afb377bc81676600/black-19.3b0-py36-none-any.whl (89kB)
Collecting click>=6.5
  Downloading https://files.pythonhosted.org/packages/fa/37/45185cb5abbc30d7257104c434fe0b07e5a195a6847506c074527aa599ec/Click-7.0-py2.py3-none-any.whl (81kB)
Collecting attrs>=18.1.0
  Downloading https://files.pythonhosted.org/packages/a2/db/4313ab3be961f7a763066401fb77f7748373b6094076ae2bda2806988af6/attrs-19.3.0-py2.py3-none-any.whl
Collecting appdirs
  Downloading https://files.pythonhosted.org/packages/56/eb/810e700ed1349edde4cbdc1b2a21e28cdf115f9faf263f6bbf8447c1abf3/appdirs-1.4.3-py2.py3-none-any.whl
Collecting toml>=0.9.4
  Downloading https://files.pythonhosted.org/packages/a2/12/ced7105d2de62fa7c8fb5fce92cc4ce66b57c95fb875e9318dba7f8c5db0/toml-0.10.0-py2.py3-none-any.whl
Installing collected packages: click, attrs, appdirs, toml, black
Successfully installed appdirs-1.4.3 attrs-19.3.0 black-19.3b0 click-7.0 toml-0.10.0
black \
	--check ./ ../testing \
	--exclude "(testing/scripts/proto|seldon_core/proto/|.eggs|.tox)"
All done! ✨ 🍰 ✨
48 files would be left unchanged.
make: Leaving directory '/workspace/source/python'
